<?xml version="1.0" encoding="UTF-8"?>
<!-- Generated by org.testng.reporters.JUnitXMLReporter -->
<testsuite ignored="0" hostname="LAPTOP-70MIPCT5" failures="0" tests="1" name="Test-2" time="38.338" errors="0" timestamp="09 Oct 2022 13:19:08 GMT">
  <testcase classname="practice.MakeMyTrip" name="login" time="38.284"/>
</testsuite> <!-- Test-2 -->
