<?xml version="1.0" encoding="UTF-8"?>
<!-- Generated by org.testng.reporters.JUnitXMLReporter -->
<testsuite ignored="0" hostname="LAPTOP-70MIPCT5" failures="0" tests="1" name="Test-1" time="40.205" errors="0" timestamp="09 Oct 2022 13:19:10 GMT">
  <testcase classname="practice.MakeMyTrip" name="login" time="40.163"/>
</testsuite> <!-- Test-1 -->
