<?xml version="1.0" encoding="UTF-8"?>
<!-- Generated by org.testng.reporters.JUnitReportReporter -->
<testsuite hostname="LAPTOP-70MIPCT5" failures="0" tests="2" name="practice.MakeMyTrip" time="78.447" errors="0" timestamp="09 Oct 2022 13:19:10 GMT" skipped="0">
  <testcase classname="practice.MakeMyTrip" name="login" time="40.163"/>
  <testcase classname="practice.MakeMyTrip" name="login" time="38.284"/>
</testsuite> <!-- practice.MakeMyTrip -->
